# JRE version: OpenJDK Runtime Environment (8.0_76-b03) (build 1.8.0_76-release-b03)
# Java VM: OpenJDK 64-Bit Server VM (25.76-b03 mixed mode windows-amd64 compressed oops)
Heap:
 PSYoungGen      total 320000K, used 39413K [0x00000000e0000000, 0x00000000f8800000, 0x0000000100000000)
  eden space 280576K, 0% used [0x00000000e0000000,0x00000000e0000000,0x00000000f1200000)
  from space 39424K, 99% used [0x00000000f4600000,0x00000000f6c7d658,0x00000000f6c80000)
  to   space 53248K, 0% used [0x00000000f1200000,0x00000000f1200000,0x00000000f4600000)
 ParOldGen       total 105472K, used 92372K [0x00000000a0000000, 0x00000000a6700000, 0x00000000e0000000)
  object space 105472K, 87% used [0x00000000a0000000,0x00000000a5a351e0,0x00000000a6700000)
 Metaspace       used 73707K, capacity 76564K, committed 77232K, reserved 1116160K
  class space    used 9228K, capacity 9694K, committed 9904K, reserved 1048576K
GC Heap History (10 events):
Event: 2324.450 GC heap after
Heap after GC invocations=38 (full 6):
 PSYoungGen      total 228352K, used 12363K [0x00000000e0000000, 0x00000000f1800000, 0x0000000100000000)
  eden space 201216K, 0% used [0x00000000e0000000,0x00000000e0000000,0x00000000ec480000)
  from space 27136K, 45% used [0x00000000ede00000,0x00000000eea12c50,0x00000000ef880000)
  to   space 26112K, 0% used [0x00000000ec480000,0x00000000ec480000,0x00000000ede00000)
 ParOldGen       total 105472K, used 53252K [0x00000000a0000000, 0x00000000a6700000, 0x00000000e0000000)
  object space 105472K, 50% used [0x00000000a0000000,0x00000000a34011f0,0x00000000a6700000)
 Metaspace       used 71235K, capacity 74044K, committed 74928K, reserved 1114112K
  class space    used 8918K, capacity 9394K, committed 9648K, reserved 1048576K
}
Event: 2326.368 GC heap before
{Heap before GC invocations=39 (full 6):
 PSYoungGen      total 228352K, used 213579K [0x00000000e0000000, 0x00000000f1800000, 0x0000000100000000)
  eden space 201216K, 100% used [0x00000000e0000000,0x00000000ec480000,0x00000000ec480000)
  from space 27136K, 45% used [0x00000000ede00000,0x00000000eea12c50,0x00000000ef880000)
  to   space 26112K, 0% used [0x00000000ec480000,0x00000000ec480000,0x00000000ede00000)
 ParOldGen       total 105472K, used 53252K [0x00000000a0000000, 0x00000000a6700000, 0x00000000e0000000)
  object space 105472K, 50% used [0x00000000a0000000,0x00000000a34011f0,0x00000000a6700000)
 Metaspace       used 72243K, capacity 75178K, committed 76080K, reserved 1116160K
  class space    used 9035K, capacity 9533K, committed 9776K, reserved 1048576K
Event: 2326.413 GC heap after
Heap after GC invocations=39 (full 6):
 PSYoungGen      total 227328K, used 15106K [0x00000000e0000000, 0x00000000f2400000, 0x0000000100000000)
  eden space 201216K, 0% used [0x00000000e0000000,0x00000000e0000000,0x00000000ec480000)
  from space 26112K, 57% used [0x00000000ec480000,0x00000000ed340a38,0x00000000ede00000)
  to   space 25600K, 0% used [0x00000000f0b00000,0x00000000f0b00000,0x00000000f2400000)
 ParOldGen       total 105472K, used 53260K [0x00000000a0000000, 0x00000000a6700000, 0x00000000e0000000)
  object space 105472K, 50% used [0x00000000a0000000,0x00000000a34031f0,0x00000000a6700000)
 Metaspace       used 72243K, capacity 75178K, committed 76080K, reserved 1116160K
  class space    used 9035K, capacity 9533K, committed 9776K, reserved 1048576K
}
Event: 2329.311 GC heap before
{Heap before GC invocations=40 (full 6):
 PSYoungGen      total 227328K, used 216322K [0x00000000e0000000, 0x00000000f2400000, 0x0000000100000000)
  eden space 201216K, 100% used [0x00000000e0000000,0x00000000ec480000,0x00000000ec480000)
  from space 26112K, 57% used [0x00000000ec480000,0x00000000ed340a38,0x00000000ede00000)
  to   space 25600K, 0% used [0x00000000f0b00000,0x00000000f0b00000,0x00000000f2400000)
 ParOldGen       total 105472K, used 53260K [0x00000000a0000000, 0x00000000a6700000, 0x00000000e0000000)
  object space 105472K, 50% used [0x00000000a0000000,0x00000000a34031f0,0x00000000a6700000)
 Metaspace       used 73446K, capacity 76308K, committed 76976K, reserved 1116160K
  class space    used 9223K, capacity 9694K, committed 9904K, reserved 1048576K
Event: 2329.377 GC heap after
Heap after GC invocations=40 (full 6):
 PSYoungGen      total 267776K, used 25596K [0x00000000e0000000, 0x00000000f2c80000, 0x0000000100000000)
  eden space 242176K, 0% used [0x00000000e0000000,0x00000000e0000000,0x00000000eec80000)
  from space 25600K, 99% used [0x00000000f0b00000,0x00000000f23ff228,0x00000000f2400000)
  to   space 31232K, 0% used [0x00000000eec80000,0x00000000eec80000,0x00000000f0b00000)
 ParOldGen       total 105472K, used 59999K [0x00000000a0000000, 0x00000000a6700000, 0x00000000e0000000)
  object space 105472K, 56% used [0x00000000a0000000,0x00000000a3a97cb8,0x00000000a6700000)
 Metaspace       used 73446K, capacity 76308K, committed 76976K, reserved 1116160K
  class space    used 9223K, capacity 9694K, committed 9904K, reserved 1048576K
}
Event: 2330.986 GC heap before
{Heap before GC invocations=41 (full 6):
 PSYoungGen      total 267776K, used 267772K [0x00000000e0000000, 0x00000000f2c80000, 0x0000000100000000)
  eden space 242176K, 100% used [0x00000000e0000000,0x00000000eec80000,0x00000000eec80000)
  from space 25600K, 99% used [0x00000000f0b00000,0x00000000f23ff228,0x00000000f2400000)
  to   space 31232K, 0% used [0x00000000eec80000,0x00000000eec80000,0x00000000f0b00000)
 ParOldGen       total 105472K, used 59999K [0x00000000a0000000, 0x00000000a6700000, 0x00000000e0000000)
  object space 105472K, 56% used [0x00000000a0000000,0x00000000a3a97cb8,0x00000000a6700000)
 Metaspace       used 73632K, capacity 76436K, committed 77232K, reserved 1116160K
  class space    used 9228K, capacity 9694K, committed 9904K, reserved 1048576K
Event: 2331.096 GC heap after
Heap after GC invocations=41 (full 6):
 PSYoungGen      total 273408K, used 31226K [0x00000000e0000000, 0x00000000f6c80000, 0x0000000100000000)
  eden space 242176K, 0% used [0x00000000e0000000,0x00000000e0000000,0x00000000eec80000)
  from space 31232K, 99% used [0x00000000eec80000,0x00000000f0afebe0,0x00000000f0b00000)
  to   space 39424K, 0% used [0x00000000f4600000,0x00000000f4600000,0x00000000f6c80000)
 ParOldGen       total 105472K, used 71038K [0x00000000a0000000, 0x00000000a6700000, 0x00000000e0000000)
  object space 105472K, 67% used [0x00000000a0000000,0x00000000a455faa8,0x00000000a6700000)
 Metaspace       used 73632K, capacity 76436K, committed 77232K, reserved 1116160K
  class space    used 9228K, capacity 9694K, committed 9904K, reserved 1048576K
}
Event: 2332.345 GC heap before
{Heap before GC invocations=42 (full 6):
 PSYoungGen      total 273408K, used 273402K [0x00000000e0000000, 0x00000000f6c80000, 0x0000000100000000)
  eden space 242176K, 100% used [0x00000000e0000000,0x00000000eec80000,0x00000000eec80000)
  from space 31232K, 99% used [0x00000000eec80000,0x00000000f0afebe0,0x00000000f0b00000)
  to   space 39424K, 0% used [0x00000000f4600000,0x00000000f4600000,0x00000000f6c80000)
 ParOldGen       total 105472K, used 71038K [0x00000000a0000000, 0x00000000a6700000, 0x00000000e0000000)
  object space 105472K, 67% used [0x00000000a0000000,0x00000000a455faa8,0x00000000a6700000)
 Metaspace       used 73707K, capacity 76564K, committed 77232K, reserved 1116160K
  class space    used 9228K, capacity 9694K, committed 9904K, reserved 1048576K
Event: 2332.457 GC heap after
Heap after GC invocations=42 (full 6):
 PSYoungGen      total 320000K, used 39413K [0x00000000e0000000, 0x00000000f8800000, 0x0000000100000000)
  eden space 280576K, 0% used [0x00000000e0000000,0x00000000e0000000,0x00000000f1200000)
  from space 39424K, 99% used [0x00000000f4600000,0x00000000f6c7d658,0x00000000f6c80000)
  to   space 53248K, 0% used [0x00000000f1200000,0x00000000f1200000,0x00000000f4600000)
 ParOldGen       total 105472K, used 92372K [0x00000000a0000000, 0x00000000a6700000, 0x00000000e0000000)
  object space 105472K, 87% used [0x00000000a0000000,0x00000000a5a351e0,0x00000000a6700000)
 Metaspace       used 73707K, capacity 76564K, committed 77232K, reserved 1116160K
  class space    used 9228K, capacity 9694K, committed 9904K, reserved 1048576K
}
Event: 2332.457 GC heap before
{Heap before GC invocations=43 (full 7):
 PSYoungGen      total 320000K, used 39413K [0x00000000e0000000, 0x00000000f8800000, 0x0000000100000000)
  eden space 280576K, 0% used [0x00000000e0000000,0x00000000e0000000,0x00000000f1200000)
  from space 39424K, 99% used [0x00000000f4600000,0x00000000f6c7d658,0x00000000f6c80000)
  to   space 53248K, 0% used [0x00000000f1200000,0x00000000f1200000,0x00000000f4600000)
 ParOldGen       total 105472K, used 92372K [0x00000000a0000000, 0x00000000a6700000, 0x00000000e0000000)
  object space 105472K, 87% used [0x00000000a0000000,0x00000000a5a351e0,0x00000000a6700000)
 Metaspace       used 73707K, capacity 76564K, committed 77232K, reserved 1116160K
  class space    used 9228K, capacity 9694K, committed 9904K, reserved 1048576K

