# JRE version: OpenJDK Runtime Environment (8.0_76-b03) (build 1.8.0_76-release-b03)
# Java VM: OpenJDK 64-Bit Server VM (25.76-b03 mixed mode windows-amd64 compressed oops)
Heap:
 PSYoungGen      total 148992K, used 7486K [0x00000000e0000000, 0x00000000eb080000, 0x0000000100000000)
  eden space 137216K, 0% used [0x00000000e0000000,0x00000000e0000000,0x00000000e8600000)
  from space 11776K, 63% used [0x00000000e9100000,0x00000000e984f850,0x00000000e9c80000)
  to   space 11264K, 0% used [0x00000000e8600000,0x00000000e8600000,0x00000000e9100000)
 ParOldGen       total 68608K, used 14843K [0x00000000a0000000, 0x00000000a4300000, 0x00000000e0000000)
  object space 68608K, 21% used [0x00000000a0000000,0x00000000a0e7ecc8,0x00000000a4300000)
 Metaspace       used 34454K, capacity 35066K, committed 35496K, reserved 1079296K
  class space    used 4591K, capacity 4764K, committed 4784K, reserved 1048576K
GC Heap History (10 events):
Event: 4.859 GC heap after
Heap after GC invocations=5 (full 1):
 PSYoungGen      total 71680K, used 0K [0x00000000e0000000, 0x00000000e4b00000, 0x0000000100000000)
  eden space 66560K, 0% used [0x00000000e0000000,0x00000000e0000000,0x00000000e4100000)
  from space 5120K, 0% used [0x00000000e4600000,0x00000000e4600000,0x00000000e4b00000)
  to   space 5120K, 0% used [0x00000000e4100000,0x00000000e4100000,0x00000000e4600000)
 ParOldGen       total 68608K, used 11551K [0x00000000a0000000, 0x00000000a4300000, 0x00000000e0000000)
  object space 68608K, 16% used [0x00000000a0000000,0x00000000a0b47f78,0x00000000a4300000)
 Metaspace       used 20830K, capacity 21192K, committed 21296K, reserved 1067008K
  class space    used 2707K, capacity 2857K, committed 2864K, reserved 1048576K
}
Event: 6.520 GC heap before
{Heap before GC invocations=6 (full 1):
 PSYoungGen      total 71680K, used 66560K [0x00000000e0000000, 0x00000000e4b00000, 0x0000000100000000)
  eden space 66560K, 100% used [0x00000000e0000000,0x00000000e4100000,0x00000000e4100000)
  from space 5120K, 0% used [0x00000000e4600000,0x00000000e4600000,0x00000000e4b00000)
  to   space 5120K, 0% used [0x00000000e4100000,0x00000000e4100000,0x00000000e4600000)
 ParOldGen       total 68608K, used 11551K [0x00000000a0000000, 0x00000000a4300000, 0x00000000e0000000)
  object space 68608K, 16% used [0x00000000a0000000,0x00000000a0b47f78,0x00000000a4300000)
 Metaspace       used 26130K, capacity 26590K, committed 26800K, reserved 1073152K
  class space    used 3579K, capacity 3711K, committed 3760K, reserved 1048576K
Event: 6.531 GC heap after
Heap after GC invocations=6 (full 1):
 PSYoungGen      total 71680K, used 5102K [0x00000000e0000000, 0x00000000e7000000, 0x0000000100000000)
  eden space 66560K, 0% used [0x00000000e0000000,0x00000000e0000000,0x00000000e4100000)
  from space 5120K, 99% used [0x00000000e4100000,0x00000000e45fb808,0x00000000e4600000)
  to   space 10240K, 0% used [0x00000000e6600000,0x00000000e6600000,0x00000000e7000000)
 ParOldGen       total 68608K, used 14130K [0x00000000a0000000, 0x00000000a4300000, 0x00000000e0000000)
  object space 68608K, 20% used [0x00000000a0000000,0x00000000a0dcc9b8,0x00000000a4300000)
 Metaspace       used 26130K, capacity 26590K, committed 26800K, reserved 1073152K
  class space    used 3579K, capacity 3711K, committed 3760K, reserved 1048576K
}
Event: 8.156 GC heap before
{Heap before GC invocations=7 (full 1):
 PSYoungGen      total 71680K, used 71662K [0x00000000e0000000, 0x00000000e7000000, 0x0000000100000000)
  eden space 66560K, 100% used [0x00000000e0000000,0x00000000e4100000,0x00000000e4100000)
  from space 5120K, 99% used [0x00000000e4100000,0x00000000e45fb808,0x00000000e4600000)
  to   space 10240K, 0% used [0x00000000e6600000,0x00000000e6600000,0x00000000e7000000)
 ParOldGen       total 68608K, used 14130K [0x00000000a0000000, 0x00000000a4300000, 0x00000000e0000000)
  object space 68608K, 20% used [0x00000000a0000000,0x00000000a0dcc9b8,0x00000000a4300000)
 Metaspace       used 28005K, capacity 28502K, committed 28848K, reserved 1075200K
  class space    used 3791K, capacity 3939K, committed 4016K, reserved 1048576K
Event: 8.171 GC heap after
Heap after GC invocations=7 (full 1):
 PSYoungGen      total 103424K, used 5193K [0x00000000e0000000, 0x00000000e6f80000, 0x0000000100000000)
  eden space 93696K, 0% used [0x00000000e0000000,0x00000000e0000000,0x00000000e5b80000)
  from space 9728K, 53% used [0x00000000e6600000,0x00000000e6b12688,0x00000000e6f80000)
  to   space 10240K, 0% used [0x00000000e5b80000,0x00000000e5b80000,0x00000000e6580000)
 ParOldGen       total 68608K, used 14130K [0x00000000a0000000, 0x00000000a4300000, 0x00000000e0000000)
  object space 68608K, 20% used [0x00000000a0000000,0x00000000a0dcc9b8,0x00000000a4300000)
 Metaspace       used 28005K, capacity 28502K, committed 28848K, reserved 1075200K
  class space    used 3791K, capacity 3939K, committed 4016K, reserved 1048576K
}
Event: 10.537 GC heap before
{Heap before GC invocations=8 (full 1):
 PSYoungGen      total 103424K, used 98889K [0x00000000e0000000, 0x00000000e6f80000, 0x0000000100000000)
  eden space 93696K, 100% used [0x00000000e0000000,0x00000000e5b80000,0x00000000e5b80000)
  from space 9728K, 53% used [0x00000000e6600000,0x00000000e6b12688,0x00000000e6f80000)
  to   space 10240K, 0% used [0x00000000e5b80000,0x00000000e5b80000,0x00000000e6580000)
 ParOldGen       total 68608K, used 14130K [0x00000000a0000000, 0x00000000a4300000, 0x00000000e0000000)
  object space 68608K, 20% used [0x00000000a0000000,0x00000000a0dcc9b8,0x00000000a4300000)
 Metaspace       used 33853K, capacity 34536K, committed 34992K, reserved 1079296K
  class space    used 4516K, capacity 4697K, committed 4784K, reserved 1048576K
Event: 10.587 GC heap after
Heap after GC invocations=8 (full 1):
 PSYoungGen      total 103936K, used 10225K [0x00000000e0000000, 0x00000000e9c80000, 0x0000000100000000)
  eden space 93696K, 0% used [0x00000000e0000000,0x00000000e0000000,0x00000000e5b80000)
  from space 10240K, 99% used [0x00000000e5b80000,0x00000000e657c5e0,0x00000000e6580000)
  to   space 11776K, 0% used [0x00000000e9100000,0x00000000e9100000,0x00000000e9c80000)
 ParOldGen       total 68608K, used 14843K [0x00000000a0000000, 0x00000000a4300000, 0x00000000e0000000)
  object space 68608K, 21% used [0x00000000a0000000,0x00000000a0e7ecc8,0x00000000a4300000)
 Metaspace       used 33853K, capacity 34536K, committed 34992K, reserved 1079296K
  class space    used 4516K, capacity 4697K, committed 4784K, reserved 1048576K
}
Event: 10.736 GC heap before
{Heap before GC invocations=9 (full 1):
 PSYoungGen      total 103936K, used 17378K [0x00000000e0000000, 0x00000000e9c80000, 0x0000000100000000)
  eden space 93696K, 7% used [0x00000000e0000000,0x00000000e06fc3d0,0x00000000e5b80000)
  from space 10240K, 99% used [0x00000000e5b80000,0x00000000e657c5e0,0x00000000e6580000)
  to   space 11776K, 0% used [0x00000000e9100000,0x00000000e9100000,0x00000000e9c80000)
 ParOldGen       total 68608K, used 14843K [0x00000000a0000000, 0x00000000a4300000, 0x00000000e0000000)
  object space 68608K, 21% used [0x00000000a0000000,0x00000000a0e7ecc8,0x00000000a4300000)
 Metaspace       used 34454K, capacity 35066K, committed 35496K, reserved 1079296K
  class space    used 4591K, capacity 4764K, committed 4784K, reserved 1048576K
Event: 10.752 GC heap after
Heap after GC invocations=9 (full 1):
 PSYoungGen      total 148992K, used 7486K [0x00000000e0000000, 0x00000000eb080000, 0x0000000100000000)
  eden space 137216K, 0% used [0x00000000e0000000,0x00000000e0000000,0x00000000e8600000)
  from space 11776K, 63% used [0x00000000e9100000,0x00000000e984f850,0x00000000e9c80000)
  to   space 11264K, 0% used [0x00000000e8600000,0x00000000e8600000,0x00000000e9100000)
 ParOldGen       total 68608K, used 14843K [0x00000000a0000000, 0x00000000a4300000, 0x00000000e0000000)
  object space 68608K, 21% used [0x00000000a0000000,0x00000000a0e7ecc8,0x00000000a4300000)
 Metaspace       used 34454K, capacity 35066K, committed 35496K, reserved 1079296K
  class space    used 4591K, capacity 4764K, committed 4784K, reserved 1048576K
}
Event: 10.753 GC heap before
{Heap before GC invocations=10 (full 2):
 PSYoungGen      total 148992K, used 7486K [0x00000000e0000000, 0x00000000eb080000, 0x0000000100000000)
  eden space 137216K, 0% used [0x00000000e0000000,0x00000000e0000000,0x00000000e8600000)
  from space 11776K, 63% used [0x00000000e9100000,0x00000000e984f850,0x00000000e9c80000)
  to   space 11264K, 0% used [0x00000000e8600000,0x00000000e8600000,0x00000000e9100000)
 ParOldGen       total 68608K, used 14843K [0x00000000a0000000, 0x00000000a4300000, 0x00000000e0000000)
  object space 68608K, 21% used [0x00000000a0000000,0x00000000a0e7ecc8,0x00000000a4300000)
 Metaspace       used 34454K, capacity 35066K, committed 35496K, reserved 1079296K
  class space    used 4591K, capacity 4764K, committed 4784K, reserved 1048576K

