# JRE version: OpenJDK Runtime Environment (8.0_76-b03) (build 1.8.0_76-release-b03)
# Java VM: OpenJDK 64-Bit Server VM (25.76-b03 mixed mode windows-amd64 compressed oops)
Heap:
 PSYoungGen      total 279040K, used 59883K [0x00000000e0000000, 0x00000000f8a80000, 0x0000000100000000)
  eden space 219136K, 0% used [0x00000000e0000000,0x00000000e0000000,0x00000000ed600000)
  from space 59904K, 99% used [0x00000000f2580000,0x00000000f5ffadb8,0x00000000f6000000)
  to   space 81408K, 0% used [0x00000000ed600000,0x00000000ed600000,0x00000000f2580000)
 ParOldGen       total 119808K, used 111722K [0x00000000a0000000, 0x00000000a7500000, 0x00000000e0000000)
  object space 119808K, 93% used [0x00000000a0000000,0x00000000a6d1a9d8,0x00000000a7500000)
 Metaspace       used 74185K, capacity 77236K, committed 77464K, reserved 1116160K
  class space    used 9422K, capacity 10058K, committed 10160K, reserved 1048576K
GC Heap History (10 events):
Event: 2517.288 GC heap after
Heap after GC invocations=28 (full 4):
 PSYoungGen      total 185856K, used 20478K [0x00000000e0000000, 0x00000000eea80000, 0x0000000100000000)
  eden space 156160K, 0% used [0x00000000e0000000,0x00000000e0000000,0x00000000e9880000)
  from space 29696K, 68% used [0x00000000eb680000,0x00000000eca7f8c8,0x00000000ed380000)
  to   space 30720K, 0% used [0x00000000e9880000,0x00000000e9880000,0x00000000eb680000)
 ParOldGen       total 119808K, used 43113K [0x00000000a0000000, 0x00000000a7500000, 0x00000000e0000000)
  object space 119808K, 35% used [0x00000000a0000000,0x00000000a2a1a648,0x00000000a7500000)
 Metaspace       used 69516K, capacity 72452K, committed 72600K, reserved 1112064K
  class space    used 9004K, capacity 9604K, committed 9648K, reserved 1048576K
}
Event: 2519.188 GC heap before
{Heap before GC invocations=29 (full 4):
 PSYoungGen      total 185856K, used 176638K [0x00000000e0000000, 0x00000000eea80000, 0x0000000100000000)
  eden space 156160K, 100% used [0x00000000e0000000,0x00000000e9880000,0x00000000e9880000)
  from space 29696K, 68% used [0x00000000eb680000,0x00000000eca7f8c8,0x00000000ed380000)
  to   space 30720K, 0% used [0x00000000e9880000,0x00000000e9880000,0x00000000eb680000)
 ParOldGen       total 119808K, used 43113K [0x00000000a0000000, 0x00000000a7500000, 0x00000000e0000000)
  object space 119808K, 35% used [0x00000000a0000000,0x00000000a2a1a648,0x00000000a7500000)
 Metaspace       used 71628K, capacity 74706K, committed 75032K, reserved 1114112K
  class space    used 9254K, capacity 9897K, committed 10032K, reserved 1048576K
Event: 2519.271 GC heap after
Heap after GC invocations=29 (full 4):
 PSYoungGen      total 186880K, used 24349K [0x00000000e0000000, 0x00000000f0d00000, 0x0000000100000000)
  eden space 156160K, 0% used [0x00000000e0000000,0x00000000e0000000,0x00000000e9880000)
  from space 30720K, 79% used [0x00000000e9880000,0x00000000eb047488,0x00000000eb680000)
  to   space 33280K, 0% used [0x00000000eec80000,0x00000000eec80000,0x00000000f0d00000)
 ParOldGen       total 119808K, used 43121K [0x00000000a0000000, 0x00000000a7500000, 0x00000000e0000000)
  object space 119808K, 35% used [0x00000000a0000000,0x00000000a2a1c648,0x00000000a7500000)
 Metaspace       used 71628K, capacity 74706K, committed 75032K, reserved 1114112K
  class space    used 9254K, capacity 9897K, committed 10032K, reserved 1048576K
}
Event: 2521.289 GC heap before
{Heap before GC invocations=30 (full 4):
 PSYoungGen      total 186880K, used 180509K [0x00000000e0000000, 0x00000000f0d00000, 0x0000000100000000)
  eden space 156160K, 100% used [0x00000000e0000000,0x00000000e9880000,0x00000000e9880000)
  from space 30720K, 79% used [0x00000000e9880000,0x00000000eb047488,0x00000000eb680000)
  to   space 33280K, 0% used [0x00000000eec80000,0x00000000eec80000,0x00000000f0d00000)
 ParOldGen       total 119808K, used 43121K [0x00000000a0000000, 0x00000000a7500000, 0x00000000e0000000)
  object space 119808K, 35% used [0x00000000a0000000,0x00000000a2a1c648,0x00000000a7500000)
 Metaspace       used 73601K, capacity 76658K, committed 76952K, reserved 1116160K
  class space    used 9400K, capacity 10057K, committed 10160K, reserved 1048576K
Event: 2521.392 GC heap after
Heap after GC invocations=30 (full 4):
 PSYoungGen      total 227328K, used 33272K [0x00000000e0000000, 0x00000000f2800000, 0x0000000100000000)
  eden space 194048K, 0% used [0x00000000e0000000,0x00000000e0000000,0x00000000ebd80000)
  from space 33280K, 99% used [0x00000000eec80000,0x00000000f0cfe390,0x00000000f0d00000)
  to   space 48128K, 0% used [0x00000000ebd80000,0x00000000ebd80000,0x00000000eec80000)
 ParOldGen       total 119808K, used 70730K [0x00000000a0000000, 0x00000000a7500000, 0x00000000e0000000)
  object space 119808K, 59% used [0x00000000a0000000,0x00000000a4512aa8,0x00000000a7500000)
 Metaspace       used 73601K, capacity 76658K, committed 76952K, reserved 1116160K
  class space    used 9400K, capacity 10057K, committed 10160K, reserved 1048576K
}
Event: 2523.066 GC heap before
{Heap before GC invocations=31 (full 4):
 PSYoungGen      total 227328K, used 227320K [0x00000000e0000000, 0x00000000f2800000, 0x0000000100000000)
  eden space 194048K, 100% used [0x00000000e0000000,0x00000000ebd80000,0x00000000ebd80000)
  from space 33280K, 99% used [0x00000000eec80000,0x00000000f0cfe390,0x00000000f0d00000)
  to   space 48128K, 0% used [0x00000000ebd80000,0x00000000ebd80000,0x00000000eec80000)
 ParOldGen       total 119808K, used 70730K [0x00000000a0000000, 0x00000000a7500000, 0x00000000e0000000)
  object space 119808K, 59% used [0x00000000a0000000,0x00000000a4512aa8,0x00000000a7500000)
 Metaspace       used 74062K, capacity 77108K, committed 77464K, reserved 1116160K
  class space    used 9420K, capacity 10058K, committed 10160K, reserved 1048576K
Event: 2523.185 GC heap after
Heap after GC invocations=31 (full 4):
 PSYoungGen      total 242176K, used 48125K [0x00000000e0000000, 0x00000000f6000000, 0x0000000100000000)
  eden space 194048K, 0% used [0x00000000e0000000,0x00000000e0000000,0x00000000ebd80000)
  from space 48128K, 99% used [0x00000000ebd80000,0x00000000eec7f668,0x00000000eec80000)
  to   space 59904K, 0% used [0x00000000f2580000,0x00000000f2580000,0x00000000f6000000)
 ParOldGen       total 119808K, used 80647K [0x00000000a0000000, 0x00000000a7500000, 0x00000000e0000000)
  object space 119808K, 67% used [0x00000000a0000000,0x00000000a4ec1df0,0x00000000a7500000)
 Metaspace       used 74062K, capacity 77108K, committed 77464K, reserved 1116160K
  class space    used 9420K, capacity 10058K, committed 10160K, reserved 1048576K
}
Event: 2524.766 GC heap before
{Heap before GC invocations=32 (full 4):
 PSYoungGen      total 242176K, used 242173K [0x00000000e0000000, 0x00000000f6000000, 0x0000000100000000)
  eden space 194048K, 100% used [0x00000000e0000000,0x00000000ebd80000,0x00000000ebd80000)
  from space 48128K, 99% used [0x00000000ebd80000,0x00000000eec7f668,0x00000000eec80000)
  to   space 59904K, 0% used [0x00000000f2580000,0x00000000f2580000,0x00000000f6000000)
 ParOldGen       total 119808K, used 80647K [0x00000000a0000000, 0x00000000a7500000, 0x00000000e0000000)
  object space 119808K, 67% used [0x00000000a0000000,0x00000000a4ec1df0,0x00000000a7500000)
 Metaspace       used 74185K, capacity 77236K, committed 77464K, reserved 1116160K
  class space    used 9422K, capacity 10058K, committed 10160K, reserved 1048576K
Event: 2524.998 GC heap after
Heap after GC invocations=32 (full 4):
 PSYoungGen      total 279040K, used 59883K [0x00000000e0000000, 0x00000000f8a80000, 0x0000000100000000)
  eden space 219136K, 0% used [0x00000000e0000000,0x00000000e0000000,0x00000000ed600000)
  from space 59904K, 99% used [0x00000000f2580000,0x00000000f5ffadb8,0x00000000f6000000)
  to   space 81408K, 0% used [0x00000000ed600000,0x00000000ed600000,0x00000000f2580000)
 ParOldGen       total 119808K, used 111722K [0x00000000a0000000, 0x00000000a7500000, 0x00000000e0000000)
  object space 119808K, 93% used [0x00000000a0000000,0x00000000a6d1a9d8,0x00000000a7500000)
 Metaspace       used 74185K, capacity 77236K, committed 77464K, reserved 1116160K
  class space    used 9422K, capacity 10058K, committed 10160K, reserved 1048576K
}
Event: 2524.998 GC heap before
{Heap before GC invocations=33 (full 5):
 PSYoungGen      total 279040K, used 59883K [0x00000000e0000000, 0x00000000f8a80000, 0x0000000100000000)
  eden space 219136K, 0% used [0x00000000e0000000,0x00000000e0000000,0x00000000ed600000)
  from space 59904K, 99% used [0x00000000f2580000,0x00000000f5ffadb8,0x00000000f6000000)
  to   space 81408K, 0% used [0x00000000ed600000,0x00000000ed600000,0x00000000f2580000)
 ParOldGen       total 119808K, used 111722K [0x00000000a0000000, 0x00000000a7500000, 0x00000000e0000000)
  object space 119808K, 93% used [0x00000000a0000000,0x00000000a6d1a9d8,0x00000000a7500000)
 Metaspace       used 74185K, capacity 77236K, committed 77464K, reserved 1116160K
  class space    used 9422K, capacity 10058K, committed 10160K, reserved 1048576K

